19:25:24 INFO  : Registering command handlers for SDK TCF services
19:25:24 INFO  : Launching XSCT server: xsct.bat -interactive C:\dev\Git\week3\Space_Invaders\temp_xsdb_launch_script.tcl
19:25:26 INFO  : XSCT server has started successfully.
19:25:30 INFO  : Successfully done setting XSCT server connection channel  
19:25:30 INFO  : Successfully done setting SDK workspace  
19:31:12 INFO  : Connected to target on host '127.0.0.1' and port '3121'.
19:31:14 INFO  : 'targets -set -filter {jtag_cable_name =~ "Digilent Zybo 210279573139A" && level==0} -index 1' command is executed.
19:31:16 INFO  : FPGA configured successfully with bitstream "C:/dev/Git/week3/Space_Invaders/hdmi-in.sdk/hdmi_in_wrapper_hw_platform_1/hdmi_in_wrapper.bit"
19:31:31 INFO  : Processor reset is completed for ps7_cortexa9_0
19:33:08 INFO  : ps7_cortexa9_0 Processor is in use. Please stop existing Run or Debug sessions before launching.
19:33:09 INFO  : Processor reset is completed for ps7_cortexa9_0
19:34:18 INFO  : ps7_cortexa9_0 Processor is in use. Please stop existing Run or Debug sessions before launching.
19:34:19 INFO  : Processor reset is completed for ps7_cortexa9_0
19:41:29 ERROR : Unexpected error while parsing XMD response ?: com.google.gson.JsonSyntaxException: com.google.gson.stream.MalformedJsonException: invalid number or unquoted string near 
20:23:52 INFO  : Registering command handlers for SDK TCF services
20:23:53 INFO  : Launching XSCT server: xsct.bat -interactive C:\dev\Git\week3\Space_Invaders\temp_xsdb_launch_script.tcl
20:23:55 INFO  : XSCT server has started successfully.
20:24:00 INFO  : Successfully done setting XSCT server connection channel  
20:24:00 INFO  : Successfully done setting SDK workspace  
20:24:18 INFO  : Connected to target on host '127.0.0.1' and port '3121'.
20:24:20 INFO  : 'targets -set -filter {jtag_cable_name =~ "Digilent Zybo 210279573139A" && level==0} -index 1' command is executed.
20:24:21 INFO  : FPGA configured successfully with bitstream "C:/dev/Git/week3/Space_Invaders/hdmi-in.sdk/hdmi_in_wrapper_hw_platform_1/hdmi_in_wrapper.bit"
20:24:43 INFO  : ps7_init is completed.
20:24:43 INFO  : ps7_post_config is completed.
20:24:43 INFO  : Processor reset is completed for ps7_cortexa9_0
20:31:00 INFO  : Processor reset is completed for ps7_cortexa9_0
20:37:19 INFO  : ps7_cortexa9_0 Processor is in use. Please stop existing Run or Debug sessions before launching.
20:37:20 INFO  : Processor reset is completed for ps7_cortexa9_0
20:38:04 INFO  : ps7_cortexa9_0 Processor is in use. Please stop existing Run or Debug sessions before launching.
20:38:05 INFO  : Processor reset is completed for ps7_cortexa9_0
20:39:27 INFO  : ps7_cortexa9_0 Processor is in use. Please stop existing Run or Debug sessions before launching.
20:39:29 INFO  : Processor reset is completed for ps7_cortexa9_0
20:40:24 INFO  : ps7_cortexa9_0 Processor is in use. Please stop existing Run or Debug sessions before launching.
20:40:25 INFO  : Processor reset is completed for ps7_cortexa9_0
20:40:53 INFO  : ps7_cortexa9_0 Processor is in use. Please stop existing Run or Debug sessions before launching.
20:40:54 INFO  : Processor reset is completed for ps7_cortexa9_0
20:44:08 INFO  : Processor reset is completed for ps7_cortexa9_0
20:45:20 INFO  : ps7_cortexa9_0 Processor is in use. Please stop existing Run or Debug sessions before launching.
20:45:21 INFO  : Processor reset is completed for ps7_cortexa9_0
20:45:39 INFO  : ps7_cortexa9_0 Processor is in use. Please stop existing Run or Debug sessions before launching.
20:45:41 INFO  : Processor reset is completed for ps7_cortexa9_0
20:46:48 INFO  : ps7_cortexa9_0 Processor is in use. Please stop existing Run or Debug sessions before launching.
20:46:49 INFO  : Processor reset is completed for ps7_cortexa9_0
20:48:20 INFO  : ps7_cortexa9_0 Processor is in use. Please stop existing Run or Debug sessions before launching.
20:48:21 INFO  : Processor reset is completed for ps7_cortexa9_0
20:49:27 INFO  : ps7_cortexa9_0 Processor is in use. Please stop existing Run or Debug sessions before launching.
20:49:28 INFO  : Processor reset is completed for ps7_cortexa9_0
20:50:19 INFO  : ps7_cortexa9_0 Processor is in use. Please stop existing Run or Debug sessions before launching.
20:50:20 INFO  : Processor reset is completed for ps7_cortexa9_0
20:53:40 INFO  : ps7_cortexa9_0 Processor is in use. Please stop existing Run or Debug sessions before launching.
20:53:41 INFO  : Processor reset is completed for ps7_cortexa9_0
20:54:46 INFO  : ps7_cortexa9_0 Processor is in use. Please stop existing Run or Debug sessions before launching.
20:54:47 INFO  : Processor reset is completed for ps7_cortexa9_0
20:56:01 INFO  : ps7_cortexa9_0 Processor is in use. Please stop existing Run or Debug sessions before launching.
20:56:03 INFO  : Processor reset is completed for ps7_cortexa9_0
20:57:41 INFO  : ps7_cortexa9_0 Processor is in use. Please stop existing Run or Debug sessions before launching.
20:57:43 INFO  : Processor reset is completed for ps7_cortexa9_0
21:06:08 INFO  : ps7_cortexa9_0 Processor is in use. Please stop existing Run or Debug sessions before launching.
21:06:10 INFO  : Processor reset is completed for ps7_cortexa9_0
21:08:07 INFO  : ps7_cortexa9_0 Processor is in use. Please stop existing Run or Debug sessions before launching.
21:08:09 INFO  : Processor reset is completed for ps7_cortexa9_0
21:24:59 INFO  : Processor reset is completed for ps7_cortexa9_0
21:26:00 INFO  : ps7_cortexa9_0 Processor is in use. Please stop existing Run or Debug sessions before launching.
21:26:01 INFO  : Processor reset is completed for ps7_cortexa9_0
21:27:48 INFO  : ps7_cortexa9_0 Processor is in use. Please stop existing Run or Debug sessions before launching.
21:27:50 INFO  : Processor reset is completed for ps7_cortexa9_0
21:28:22 INFO  : ps7_cortexa9_0 Processor is in use. Please stop existing Run or Debug sessions before launching.
21:28:23 INFO  : Processor reset is completed for ps7_cortexa9_0
21:29:04 INFO  : ps7_cortexa9_0 Processor is in use. Please stop existing Run or Debug sessions before launching.
21:29:05 INFO  : Processor reset is completed for ps7_cortexa9_0
21:35:05 INFO  : ps7_cortexa9_0 Processor is in use. Please stop existing Run or Debug sessions before launching.
21:35:06 INFO  : Processor reset is completed for ps7_cortexa9_0
21:36:03 INFO  : ps7_cortexa9_0 Processor is in use. Please stop existing Run or Debug sessions before launching.
21:36:04 INFO  : Processor reset is completed for ps7_cortexa9_0
21:37:34 INFO  : ps7_cortexa9_0 Processor is in use. Please stop existing Run or Debug sessions before launching.
21:37:35 INFO  : Processor reset is completed for ps7_cortexa9_0
21:39:54 INFO  : ps7_cortexa9_0 Processor is in use. Please stop existing Run or Debug sessions before launching.
21:39:54 INFO  : Processor reset is completed for ps7_cortexa9_0
21:41:07 INFO  : ps7_cortexa9_0 Processor is in use. Please stop existing Run or Debug sessions before launching.
21:41:08 INFO  : Processor reset is completed for ps7_cortexa9_0
21:42:26 INFO  : ps7_cortexa9_0 Processor is in use. Please stop existing Run or Debug sessions before launching.
21:42:27 INFO  : Processor reset is completed for ps7_cortexa9_0
21:43:04 INFO  : ps7_cortexa9_0 Processor is in use. Please stop existing Run or Debug sessions before launching.
21:43:05 INFO  : Processor reset is completed for ps7_cortexa9_0
21:47:10 INFO  : ps7_cortexa9_0 Processor is in use. Please stop existing Run or Debug sessions before launching.
21:47:12 INFO  : Processor reset is completed for ps7_cortexa9_0
21:49:20 INFO  : ps7_cortexa9_0 Processor is in use. Please stop existing Run or Debug sessions before launching.
21:49:22 INFO  : Processor reset is completed for ps7_cortexa9_0
21:49:38 INFO  : ps7_cortexa9_0 Processor is in use. Please stop existing Run or Debug sessions before launching.
21:49:39 INFO  : Processor reset is completed for ps7_cortexa9_0
21:50:31 INFO  : ps7_cortexa9_0 Processor is in use. Please stop existing Run or Debug sessions before launching.
21:50:31 INFO  : Processor reset is completed for ps7_cortexa9_0
21:54:54 INFO  : ps7_cortexa9_0 Processor is in use. Please stop existing Run or Debug sessions before launching.
21:54:55 INFO  : Processor reset is completed for ps7_cortexa9_0
21:56:31 INFO  : ps7_cortexa9_0 Processor is in use. Please stop existing Run or Debug sessions before launching.
21:56:33 INFO  : Processor reset is completed for ps7_cortexa9_0
21:57:15 INFO  : ps7_cortexa9_0 Processor is in use. Please stop existing Run or Debug sessions before launching.
21:57:16 INFO  : Processor reset is completed for ps7_cortexa9_0
21:57:59 INFO  : ps7_cortexa9_0 Processor is in use. Please stop existing Run or Debug sessions before launching.
21:58:01 INFO  : Processor reset is completed for ps7_cortexa9_0
21:59:27 INFO  : ps7_cortexa9_0 Processor is in use. Please stop existing Run or Debug sessions before launching.
21:59:28 INFO  : Processor reset is completed for ps7_cortexa9_0
22:02:08 INFO  : ps7_cortexa9_0 Processor is in use. Please stop existing Run or Debug sessions before launching.
22:02:10 INFO  : Processor reset is completed for ps7_cortexa9_0
22:05:04 INFO  : ps7_cortexa9_0 Processor is in use. Please stop existing Run or Debug sessions before launching.
22:05:05 INFO  : Processor reset is completed for ps7_cortexa9_0
22:05:55 INFO  : ps7_cortexa9_0 Processor is in use. Please stop existing Run or Debug sessions before launching.
22:05:56 INFO  : Processor reset is completed for ps7_cortexa9_0
22:07:07 INFO  : ps7_cortexa9_0 Processor is in use. Please stop existing Run or Debug sessions before launching.
22:07:08 INFO  : Processor reset is completed for ps7_cortexa9_0
22:09:44 INFO  : ps7_cortexa9_0 Processor is in use. Please stop existing Run or Debug sessions before launching.
22:09:45 INFO  : Processor reset is completed for ps7_cortexa9_0
22:15:02 INFO  : ps7_cortexa9_0 Processor is in use. Please stop existing Run or Debug sessions before launching.
22:15:03 INFO  : Processor reset is completed for ps7_cortexa9_0
22:16:16 INFO  : ps7_cortexa9_0 Processor is in use. Please stop existing Run or Debug sessions before launching.
22:16:18 INFO  : Processor reset is completed for ps7_cortexa9_0
22:17:47 INFO  : ps7_cortexa9_0 Processor is in use. Please stop existing Run or Debug sessions before launching.
22:17:48 INFO  : Processor reset is completed for ps7_cortexa9_0
22:18:26 INFO  : ps7_cortexa9_0 Processor is in use. Please stop existing Run or Debug sessions before launching.
22:18:29 INFO  : Processor reset is completed for ps7_cortexa9_0
22:19:25 INFO  : ps7_cortexa9_0 Processor is in use. Please stop existing Run or Debug sessions before launching.
22:19:27 INFO  : Processor reset is completed for ps7_cortexa9_0
22:26:20 INFO  : ps7_cortexa9_0 Processor is in use. Please stop existing Run or Debug sessions before launching.
22:26:22 INFO  : Processor reset is completed for ps7_cortexa9_0
22:27:21 INFO  : ps7_cortexa9_0 Processor is in use. Please stop existing Run or Debug sessions before launching.
22:27:23 INFO  : Processor reset is completed for ps7_cortexa9_0
22:28:04 INFO  : ps7_cortexa9_0 Processor is in use. Please stop existing Run or Debug sessions before launching.
22:28:11 INFO  : ps7_cortexa9_0 Processor is in use. Please stop existing Run or Debug sessions before launching.
22:28:13 INFO  : Processor reset is completed for ps7_cortexa9_0
22:33:51 INFO  : ps7_cortexa9_0 Processor is in use. Please stop existing Run or Debug sessions before launching.
22:33:54 INFO  : Processor reset is completed for ps7_cortexa9_0
22:36:06 INFO  : ps7_cortexa9_0 Processor is in use. Please stop existing Run or Debug sessions before launching.
22:36:07 INFO  : Processor reset is completed for ps7_cortexa9_0
22:42:45 INFO  : Processor reset is completed for ps7_cortexa9_0
22:45:29 INFO  : ps7_cortexa9_0 Processor is in use. Please stop existing Run or Debug sessions before launching.
22:45:31 INFO  : Processor reset is completed for ps7_cortexa9_0
22:46:22 INFO  : ps7_cortexa9_0 Processor is in use. Please stop existing Run or Debug sessions before launching.
22:46:24 INFO  : Processor reset is completed for ps7_cortexa9_0
22:50:19 INFO  : Processor reset is completed for ps7_cortexa9_0
22:50:33 INFO  : ps7_cortexa9_0 Processor is in use. Please stop existing Run or Debug sessions before launching.
22:50:35 INFO  : Processor reset is completed for ps7_cortexa9_0
22:55:46 INFO  : ps7_cortexa9_0 Processor is in use. Please stop existing Run or Debug sessions before launching.
22:55:50 INFO  : Processor reset is completed for ps7_cortexa9_0
22:57:47 INFO  : ps7_cortexa9_0 Processor is in use. Please stop existing Run or Debug sessions before launching.
22:57:49 INFO  : Processor reset is completed for ps7_cortexa9_0
22:58:38 INFO  : ps7_cortexa9_0 Processor is in use. Please stop existing Run or Debug sessions before launching.
22:58:40 INFO  : Processor reset is completed for ps7_cortexa9_0
23:00:20 INFO  : ps7_cortexa9_0 Processor is in use. Please stop existing Run or Debug sessions before launching.
23:00:22 INFO  : Processor reset is completed for ps7_cortexa9_0
23:03:29 INFO  : ps7_cortexa9_0 Processor is in use. Please stop existing Run or Debug sessions before launching.
23:03:30 INFO  : Processor reset is completed for ps7_cortexa9_0
23:07:28 INFO  : ps7_cortexa9_0 Processor is in use. Please stop existing Run or Debug sessions before launching.
23:07:30 INFO  : Processor reset is completed for ps7_cortexa9_0
23:09:05 INFO  : ps7_cortexa9_0 Processor is in use. Please stop existing Run or Debug sessions before launching.
23:09:07 INFO  : Processor reset is completed for ps7_cortexa9_0
23:10:15 INFO  : Processor reset is completed for ps7_cortexa9_0
23:17:29 INFO  : Processor reset is completed for ps7_cortexa9_0
23:17:41 INFO  : ps7_cortexa9_0 Processor is in use. Please stop existing Run or Debug sessions before launching.
23:17:43 INFO  : Processor reset is completed for ps7_cortexa9_0
23:18:14 INFO  : ps7_cortexa9_0 Processor is in use. Please stop existing Run or Debug sessions before launching.
23:18:16 INFO  : Processor reset is completed for ps7_cortexa9_0
23:21:28 INFO  : ps7_cortexa9_0 Processor is in use. Please stop existing Run or Debug sessions before launching.
23:21:30 INFO  : Processor reset is completed for ps7_cortexa9_0
23:23:06 INFO  : ps7_cortexa9_0 Processor is in use. Please stop existing Run or Debug sessions before launching.
23:23:08 INFO  : Processor reset is completed for ps7_cortexa9_0
23:23:22 INFO  : ps7_cortexa9_0 Processor is in use. Please stop existing Run or Debug sessions before launching.
23:23:24 INFO  : Processor reset is completed for ps7_cortexa9_0
23:39:49 INFO  : Processor reset is completed for ps7_cortexa9_0
23:40:28 INFO  : ps7_cortexa9_0 Processor is in use. Please stop existing Run or Debug sessions before launching.
23:40:29 INFO  : Processor reset is completed for ps7_cortexa9_0
23:41:35 INFO  : ps7_cortexa9_0 Processor is in use. Please stop existing Run or Debug sessions before launching.
23:41:38 INFO  : Processor reset is completed for ps7_cortexa9_0
23:43:01 INFO  : ps7_cortexa9_0 Processor is in use. Please stop existing Run or Debug sessions before launching.
23:43:02 INFO  : Processor reset is completed for ps7_cortexa9_0
23:43:47 INFO  : ps7_cortexa9_0 Processor is in use. Please stop existing Run or Debug sessions before launching.
23:43:50 INFO  : Processor reset is completed for ps7_cortexa9_0
23:45:01 INFO  : ps7_cortexa9_0 Processor is in use. Please stop existing Run or Debug sessions before launching.
23:45:03 INFO  : Processor reset is completed for ps7_cortexa9_0
23:47:15 INFO  : ps7_cortexa9_0 Processor is in use. Please stop existing Run or Debug sessions before launching.
23:47:17 INFO  : Processor reset is completed for ps7_cortexa9_0
23:47:55 INFO  : Processor reset is completed for ps7_cortexa9_0
23:51:00 INFO  : Processor reset is completed for ps7_cortexa9_0
23:52:47 INFO  : Processor reset is completed for ps7_cortexa9_0
23:54:50 INFO  : Processor reset is completed for ps7_cortexa9_0
23:55:16 INFO  : Processor reset is completed for ps7_cortexa9_0
23:55:29 INFO  : Processor reset is completed for ps7_cortexa9_0
23:55:45 INFO  : Processor reset is completed for ps7_cortexa9_0
23:56:08 INFO  : Processor reset is completed for ps7_cortexa9_0
23:56:14 INFO  : Processor reset is completed for ps7_cortexa9_0
23:56:34 INFO  : Processor reset is completed for ps7_cortexa9_0
00:02:17 ERROR : Unexpected error while parsing XMD response ?: com.google.gson.JsonSyntaxException: com.google.gson.stream.MalformedJsonException: invalid number or unquoted string near 
08:42:51 INFO  : Registering command handlers for SDK TCF services
08:42:51 INFO  : Launching XSCT server: xsct.bat -interactive C:\dev\Git\week3\Space_Invaders\temp_xsdb_launch_script.tcl
08:42:54 INFO  : XSCT server has started successfully.
08:43:00 INFO  : Successfully done setting XSCT server connection channel  
08:43:00 INFO  : Successfully done setting SDK workspace  
08:44:21 INFO  : Connected to target on host '127.0.0.1' and port '3121'.
08:44:23 INFO  : 'targets -set -filter {jtag_cable_name =~ "Digilent Zybo 210279573139A" && level==0} -index 1' command is executed.
08:44:24 INFO  : FPGA configured successfully with bitstream "C:/dev/Git/week3/Space_Invaders/hdmi-in.sdk/hdmi_in_wrapper_hw_platform_1/hdmi_in_wrapper.bit"
08:44:40 INFO  : ps7_init is completed.
08:44:40 INFO  : ps7_post_config is completed.
08:44:40 INFO  : Processor reset is completed for ps7_cortexa9_0
08:59:45 INFO  : Processor reset is completed for ps7_cortexa9_0
09:02:16 INFO  : ps7_cortexa9_0 Processor is in use. Please stop existing Run or Debug sessions before launching.
09:02:18 INFO  : Processor reset is completed for ps7_cortexa9_0
09:03:03 INFO  : ps7_cortexa9_0 Processor is in use. Please stop existing Run or Debug sessions before launching.
09:03:04 INFO  : Processor reset is completed for ps7_cortexa9_0
09:03:35 INFO  : ps7_cortexa9_0 Processor is in use. Please stop existing Run or Debug sessions before launching.
09:03:36 INFO  : Processor reset is completed for ps7_cortexa9_0
09:03:52 INFO  : ps7_cortexa9_0 Processor is in use. Please stop existing Run or Debug sessions before launching.
09:03:54 INFO  : Processor reset is completed for ps7_cortexa9_0
09:04:38 INFO  : ps7_cortexa9_0 Processor is in use. Please stop existing Run or Debug sessions before launching.
09:04:39 INFO  : Processor reset is completed for ps7_cortexa9_0
09:05:19 INFO  : ps7_cortexa9_0 Processor is in use. Please stop existing Run or Debug sessions before launching.
09:05:19 INFO  : Processor reset is completed for ps7_cortexa9_0
09:06:35 INFO  : ps7_cortexa9_0 Processor is in use. Please stop existing Run or Debug sessions before launching.
09:06:36 INFO  : Processor reset is completed for ps7_cortexa9_0
09:07:43 INFO  : ps7_cortexa9_0 Processor is in use. Please stop existing Run or Debug sessions before launching.
09:07:44 INFO  : Processor reset is completed for ps7_cortexa9_0
09:08:04 INFO  : ps7_cortexa9_0 Processor is in use. Please stop existing Run or Debug sessions before launching.
09:08:06 INFO  : Processor reset is completed for ps7_cortexa9_0
