#-----------------------------------------------------------
# Vivado v2017.2 (64-bit)
# SW Build 1909853 on Thu Jun 15 18:39:09 MDT 2017
# IP Build 1909766 on Thu Jun 15 19:58:00 MDT 2017
# Start of session at: Sun Jan 20 10:48:40 2019
# Process ID: 11652
# Current directory: C:/Users/Hamza/Documents/Space_Invaders
# Command line: vivado.exe -gui_launcher_event rodinguilauncherevent9440 C:\Users\Hamza\Documents\Space_Invaders\hdmi-in.xpr
# Log file: C:/Users/Hamza/Documents/Space_Invaders/vivado.log
# Journal file: C:/Users/Hamza/Documents/Space_Invaders\vivado.jou
#-----------------------------------------------------------
start_gui
open_project C:/Users/Hamza/Documents/Space_Invaders/hdmi-in.xpr
INFO: [Project 1-313] Project file moved from 'C:/Users/Hamza/Downloads/hdmi-in_2017.2/hdmi-in' since last save.
Scanning sources...
Finished scanning sources
WARNING: [Project 1-509] GeneratedRun file for 'hdmi_in_auto_pc_1_synth_1' not found
WARNING: [Project 1-509] GeneratedRun file for 'hdmi_in_auto_pc_0_synth_1' not found
WARNING: [filemgmt 56-2] IP Repository Path: Could not find the directory 'C:/Users/Hamza/Documents/Space_Invaders/hdmi-in.ipdefs/repo_0_0', nor could it be found using path 'C:/Users/Hamza/Downloads/hdmi-in_2017.2/hdmi-in/hdmi-in.ipdefs/repo_0_0'.
WARNING: [filemgmt 56-2] IPUserFilesDir: Could not find the directory 'C:/Users/Hamza/Documents/Space_Invaders/hdmi-in.ip_user_files', nor could it be found using path 'C:/Users/Hamza/Downloads/hdmi-in_2017.2/hdmi-in/hdmi-in.ip_user_files'.
INFO: [IP_Flow 19-234] Refreshing IP repositories
WARNING: [IP_Flow 19-2248] Failed to load user IP repository 'c:/Users/Hamza/Documents/Space_Invaders/hdmi-in.ipdefs/repo_0_0'; Can't find the specified path.
If this directory should no longer be in your list of user repositories, go to the IP Settings dialog and remove it.
INFO: [IP_Flow 19-2313] Loaded Vivado IP repository 'C:/Xilinx/Vivado/2017.2/data/ip'.
WARNING: [BD 41-1661] One or more IPs have been locked in the design 'hdmi_in.bd'. Please run report_ip_status for more details and recommendations on how to fix this issue.
List of locked IPs:
hdmi_in_axi_dynclk_0_0
hdmi_in_dvi2rgb_0_0
hdmi_in_rgb2vga_0_0

open_project: Time (s): cpu = 00:00:18 ; elapsed = 00:00:16 . Memory (MB): peak = 832.441 ; gain = 95.988
INFO: [Vivado 12-4158] Exported Hardware file is out of date. Exported hardware information may be inconsistent with respect to the current state of the design. It is recommended that you re-export the design and launch SDK otherwise SDK is launched with out of date hardware system file.
launch_sdk -workspace C:/Users/Hamza/Documents/Space_Invaders/hdmi-in.sdk -hwspec C:/Users/Hamza/Documents/Space_Invaders/hdmi-in.sdk/hdmi_in_wrapper.hdf
INFO: [Vivado 12-393] Launching SDK...
INFO: [Vivado 12-417] Running xsdk -workspace C:/Users/Hamza/Documents/Space_Invaders/hdmi-in.sdk -hwspec C:/Users/Hamza/Documents/Space_Invaders/hdmi-in.sdk/hdmi_in_wrapper.hdf
INFO: [Vivado 12-3157] SDK launch initiated. Please check console for any further messages.
exit
INFO: [Common 17-206] Exiting Vivado at Sun Jan 20 13:49:42 2019...
