#-----------------------------------------------------------
# Vivado v2018.2 (64-bit)
# SW Build 2258646 on Thu Jun 14 20:03:12 MDT 2018
# IP Build 2256618 on Thu Jun 14 22:10:49 MDT 2018
# Start of session at: Sun Jan 20 19:29:34 2019
# Process ID: 6648
# Current directory: C:/Users/hamza/Documents/Space_Invaders
# Command line: vivado.exe -gui_launcher_event rodinguilauncherevent7072 C:\Users\hamza\Documents\Space_Invaders\hdmi-in.xpr
# Log file: C:/Users/hamza/Documents/Space_Invaders/vivado.log
# Journal file: C:/Users/hamza/Documents/Space_Invaders\vivado.jou
#-----------------------------------------------------------
start_gui
open_project -read_only C:/Users/hamza/Documents/Space_Invaders/hdmi-in.xpr
INFO: [Project 1-313] Project file moved from 'C:/Users/Hamza/Downloads/hdmi-in_2017.2/hdmi-in' since last save.
Scanning sources...
Finished scanning sources
WARNING: [Project 1-509] GeneratedRun file for 'hdmi_in_auto_pc_1_synth_1' not found
WARNING: [Project 1-509] GeneratedRun file for 'hdmi_in_auto_pc_0_synth_1' not found
WARNING: [filemgmt 56-2] IP Repository Path: Could not find the directory 'C:/Users/hamza/Documents/Space_Invaders/hdmi-in.ipdefs/repo_0_0', nor could it be found using path 'C:/Users/Hamza/Downloads/hdmi-in_2017.2/hdmi-in/hdmi-in.ipdefs/repo_0_0'.
WARNING: [filemgmt 56-2] IPUserFilesDir: Could not find the directory 'C:/Users/hamza/Documents/Space_Invaders/hdmi-in.ip_user_files', nor could it be found using path 'C:/Users/Hamza/Downloads/hdmi-in_2017.2/hdmi-in/hdmi-in.ip_user_files'.
INFO: [IP_Flow 19-234] Refreshing IP repositories
WARNING: [IP_Flow 19-2248] Failed to load user IP repository 'c:/Users/hamza/Documents/Space_Invaders/hdmi-in.ipdefs/repo_0_0'; Can't find the specified path.
If this directory should no longer be in your list of user repositories, go to the IP Settings dialog and remove it.
INFO: [IP_Flow 19-2313] Loaded Vivado IP repository 'C:/Xilinx/Vivado/2018.2/data/ip'.
WARNING: [BD 41-1663] The design 'hdmi_in.bd' cannot be modified due to following reason(s):
* Project is read-only. Please run 'save_project_as' before making any change to the bd-design. 

WARNING: [BD 41-1661] One or more IPs have been locked in the design 'hdmi_in.bd'. Please run report_ip_status for more details and recommendations on how to fix this issue.
List of locked IPs:
hdmi_in_axi_dynclk_0_0
hdmi_in_rst_processing_system7_0_150M_0
hdmi_in_axi_gpio_sw_0
hdmi_in_xlconcat_0_0
hdmi_in_axi_gpio_btn_0
hdmi_in_axi_vdma_0_0
hdmi_in_axi_gpio_video_0
hdmi_in_axi_gpio_led_0
hdmi_in_proc_sys_reset_0_0
hdmi_in_dvi2rgb_0_0
hdmi_in_auto_pc_0
hdmi_in_processing_system7_0_axi_periph_0
hdmi_in_axi_mem_intercon_0
hdmi_in_processing_system7_0_0
hdmi_in_rgb2vga_0_0
hdmi_in_rst_processing_system7_0_100M_0
hdmi_in_v_axi4s_vid_out_0_0
hdmi_in_s01_regslice_0
hdmi_in_m00_data_fifo_0
hdmi_in_v_tc_0_0
hdmi_in_s00_regslice_0
hdmi_in_v_tc_1_0
hdmi_in_v_vid_in_axi4s_0_0
hdmi_in_xlconstant_0_0
hdmi_in_xbar_1
hdmi_in_xbar_0
hdmi_in_auto_pc_1
hdmi_in_m00_regslice_0
hdmi_in_auto_us_df_0
hdmi_in_s00_data_fifo_0

WARNING: [Project 1-229] Project 'hdmi-in.xpr' is read-only and therefore could not be upgraded for this version of Vivado.  Use 'File | Save Project As...' if you wish to save an upgraded copy.
open_project: Time (s): cpu = 00:00:31 ; elapsed = 00:00:27 . Memory (MB): peak = 823.203 ; gain = 154.586
INFO: [Vivado 12-4158] Exported Hardware file is out of date. Exported hardware information may be inconsistent with respect to the current state of the design. It is recommended that you re-export the design and launch SDK otherwise SDK is launched with out of date hardware system file.
launch_sdk -workspace C:/Users/hamza/Documents/Space_Invaders/hdmi-in.sdk -hwspec C:/Users/hamza/Documents/Space_Invaders/hdmi-in.sdk/hdmi_in_wrapper.hdf
INFO: [Vivado 12-393] Launching SDK...
INFO: [Vivado 12-417] Running xsdk -workspace C:/Users/hamza/Documents/Space_Invaders/hdmi-in.sdk -hwspec C:/Users/hamza/Documents/Space_Invaders/hdmi-in.sdk/hdmi_in_wrapper.hdf
INFO: [Vivado 12-3157] SDK launch initiated. Please check console for any further messages.
INFO: [Vivado 12-4158] Exported Hardware file is out of date. Exported hardware information may be inconsistent with respect to the current state of the design. It is recommended that you re-export the design and launch SDK otherwise SDK is launched with out of date hardware system file.
launch_sdk -workspace C:/Users/hamza/Documents/Space_Invaders/hdmi-in.sdk -hwspec C:/Users/hamza/Documents/Space_Invaders/hdmi-in.sdk/hdmi_in_wrapper.hdf
INFO: [Vivado 12-393] Launching SDK...
INFO: [Vivado 12-417] Running xsdk -workspace C:/Users/hamza/Documents/Space_Invaders/hdmi-in.sdk -hwspec C:/Users/hamza/Documents/Space_Invaders/hdmi-in.sdk/hdmi_in_wrapper.hdf
INFO: [Vivado 12-3157] SDK launch initiated. Please check console for any further messages.
INFO: [Vivado 12-4158] Exported Hardware file is out of date. Exported hardware information may be inconsistent with respect to the current state of the design. It is recommended that you re-export the design and launch SDK otherwise SDK is launched with out of date hardware system file.
launch_sdk -workspace C:/Users/hamza/Documents/Space_Invaders/hdmi-in.sdk -hwspec C:/Users/hamza/Documents/Space_Invaders/hdmi-in.sdk/hdmi_in_wrapper.hdf
INFO: [Vivado 12-393] Launching SDK...
INFO: [Vivado 12-417] Running xsdk -workspace C:/Users/hamza/Documents/Space_Invaders/hdmi-in.sdk -hwspec C:/Users/hamza/Documents/Space_Invaders/hdmi-in.sdk/hdmi_in_wrapper.hdf
INFO: [Vivado 12-3157] SDK launch initiated. Please check console for any further messages.
exit
INFO: [Common 17-206] Exiting Vivado at Sun Jan 20 22:52:49 2019...
