
*** Running vivado
    with args -log hdmi_in_xbar_1.vds -m64 -product Vivado -mode batch -messageDb vivado.pb -notrace -source hdmi_in_xbar_1.tcl


****** Vivado v2017.2 (64-bit)
  **** SW Build 1909853 on Thu Jun 15 18:39:09 MDT 2017
  **** IP Build 1909766 on Thu Jun 15 19:58:00 MDT 2017
    ** Copyright 1986-2017 Xilinx, Inc. All Rights Reserved.

source hdmi_in_xbar_1.tcl -notrace
Starting RTL Elaboration : Time (s): cpu = 00:00:06 ; elapsed = 00:00:07 . Memory (MB): peak = 351.734 ; gain = 81.508
INFO: [Synth 8-638] synthesizing module 'hdmi_in_xbar_1' [c:/Users/Hamza/Downloads/hdmi-in_2017.2/hdmi-in/hdmi-in.srcs/sources_1/bd/hdmi_in/ip/hdmi_in_xbar_1/synth/hdmi_in_xbar_1.v:59]
INFO: [Synth 8-638] synthesizing module 'axi_crossbar_v2_1_14_axi_crossbar' [c:/Users/Hamza/Downloads/hdmi-in_2017.2/hdmi-in/hdmi-in.srcs/sources_1/bd/hdmi_in/ipshared/f582/hdl/axi_crossbar_v2_1_vl_rfs.v:4882]
INFO: [Synth 8-638] synthesizing module 'axi_crossbar_v2_1_14_crossbar_sasd' [c:/Users/Hamza/Downloads/hdmi-in_2017.2/hdmi-in/hdmi-in.srcs/sources_1/bd/hdmi_in/ipshared/f582/hdl/axi_crossbar_v2_1_vl_rfs.v:1240]
INFO: [Synth 8-638] synthesizing module 'axi_crossbar_v2_1_14_addr_decoder' [c:/Users/Hamza/Downloads/hdmi-in_2017.2/hdmi-in/hdmi-in.srcs/sources_1/bd/hdmi_in/ipshared/f582/hdl/axi_crossbar_v2_1_vl_rfs.v:794]
INFO: [Synth 8-638] synthesizing module 'generic_baseblocks_v2_1_0_comparator_static' [c:/Users/Hamza/Downloads/hdmi-in_2017.2/hdmi-in/hdmi-in.srcs/sources_1/bd/hdmi_in/ipshared/f9c1/hdl/generic_baseblocks_v2_1_vl_rfs.v:2133]
INFO: [Synth 8-638] synthesizing module 'generic_baseblocks_v2_1_0_carry_and' [c:/Users/Hamza/Downloads/hdmi-in_2017.2/hdmi-in/hdmi-in.srcs/sources_1/bd/hdmi_in/ipshared/f9c1/hdl/generic_baseblocks_v2_1_vl_rfs.v:62]
INFO: [Synth 8-256] done synthesizing module 'generic_baseblocks_v2_1_0_carry_and' (1#1) [c:/Users/Hamza/Downloads/hdmi-in_2017.2/hdmi-in/hdmi-in.srcs/sources_1/bd/hdmi_in/ipshared/f9c1/hdl/generic_baseblocks_v2_1_vl_rfs.v:62]
INFO: [Synth 8-256] done synthesizing module 'generic_baseblocks_v2_1_0_comparator_static' (2#1) [c:/Users/Hamza/Downloads/hdmi-in_2017.2/hdmi-in/hdmi-in.srcs/sources_1/bd/hdmi_in/ipshared/f9c1/hdl/generic_baseblocks_v2_1_vl_rfs.v:2133]
INFO: [Synth 8-638] synthesizing module 'generic_baseblocks_v2_1_0_comparator_static__parameterized0' [c:/Users/Hamza/Downloads/hdmi-in_2017.2/hdmi-in/hdmi-in.srcs/sources_1/bd/hdmi_in/ipshared/f9c1/hdl/generic_baseblocks_v2_1_vl_rfs.v:2133]
INFO: [Synth 8-256] done synthesizing module 'generic_baseblocks_v2_1_0_comparator_static__parameterized0' (2#1) [c:/Users/Hamza/Downloads/hdmi-in_2017.2/hdmi-in/hdmi-in.srcs/sources_1/bd/hdmi_in/ipshared/f9c1/hdl/generic_baseblocks_v2_1_vl_rfs.v:2133]
INFO: [Synth 8-638] synthesizing module 'generic_baseblocks_v2_1_0_comparator_static__parameterized1' [c:/Users/Hamza/Downloads/hdmi-in_2017.2/hdmi-in/hdmi-in.srcs/sources_1/bd/hdmi_in/ipshared/f9c1/hdl/generic_baseblocks_v2_1_vl_rfs.v:2133]
INFO: [Synth 8-256] done synthesizing module 'generic_baseblocks_v2_1_0_comparator_static__parameterized1' (2#1) [c:/Users/Hamza/Downloads/hdmi-in_2017.2/hdmi-in/hdmi-in.srcs/sources_1/bd/hdmi_in/ipshared/f9c1/hdl/generic_baseblocks_v2_1_vl_rfs.v:2133]
INFO: [Synth 8-638] synthesizing module 'generic_baseblocks_v2_1_0_comparator_static__parameterized2' [c:/Users/Hamza/Downloads/hdmi-in_2017.2/hdmi-in/hdmi-in.srcs/sources_1/bd/hdmi_in/ipshared/f9c1/hdl/generic_baseblocks_v2_1_vl_rfs.v:2133]
INFO: [Synth 8-256] done synthesizing module 'generic_baseblocks_v2_1_0_comparator_static__parameterized2' (2#1) [c:/Users/Hamza/Downloads/hdmi-in_2017.2/hdmi-in/hdmi-in.srcs/sources_1/bd/hdmi_in/ipshared/f9c1/hdl/generic_baseblocks_v2_1_vl_rfs.v:2133]
INFO: [Synth 8-638] synthesizing module 'generic_baseblocks_v2_1_0_comparator_static__parameterized3' [c:/Users/Hamza/Downloads/hdmi-in_2017.2/hdmi-in/hdmi-in.srcs/sources_1/bd/hdmi_in/ipshared/f9c1/hdl/generic_baseblocks_v2_1_vl_rfs.v:2133]
INFO: [Synth 8-256] done synthesizing module 'generic_baseblocks_v2_1_0_comparator_static__parameterized3' (2#1) [c:/Users/Hamza/Downloads/hdmi-in_2017.2/hdmi-in/hdmi-in.srcs/sources_1/bd/hdmi_in/ipshared/f9c1/hdl/generic_baseblocks_v2_1_vl_rfs.v:2133]
INFO: [Synth 8-638] synthesizing module 'generic_baseblocks_v2_1_0_comparator_static__parameterized4' [c:/Users/Hamza/Downloads/hdmi-in_2017.2/hdmi-in/hdmi-in.srcs/sources_1/bd/hdmi_in/ipshared/f9c1/hdl/generic_baseblocks_v2_1_vl_rfs.v:2133]
INFO: [Synth 8-256] done synthesizing module 'generic_baseblocks_v2_1_0_comparator_static__parameterized4' (2#1) [c:/Users/Hamza/Downloads/hdmi-in_2017.2/hdmi-in/hdmi-in.srcs/sources_1/bd/hdmi_in/ipshared/f9c1/hdl/generic_baseblocks_v2_1_vl_rfs.v:2133]
INFO: [Synth 8-638] synthesizing module 'generic_baseblocks_v2_1_0_comparator_static__parameterized5' [c:/Users/Hamza/Downloads/hdmi-in_2017.2/hdmi-in/hdmi-in.srcs/sources_1/bd/hdmi_in/ipshared/f9c1/hdl/generic_baseblocks_v2_1_vl_rfs.v:2133]
INFO: [Synth 8-256] done synthesizing module 'generic_baseblocks_v2_1_0_comparator_static__parameterized5' (2#1) [c:/Users/Hamza/Downloads/hdmi-in_2017.2/hdmi-in/hdmi-in.srcs/sources_1/bd/hdmi_in/ipshared/f9c1/hdl/generic_baseblocks_v2_1_vl_rfs.v:2133]
INFO: [Synth 8-638] synthesizing module 'generic_baseblocks_v2_1_0_comparator_static__parameterized6' [c:/Users/Hamza/Downloads/hdmi-in_2017.2/hdmi-in/hdmi-in.srcs/sources_1/bd/hdmi_in/ipshared/f9c1/hdl/generic_baseblocks_v2_1_vl_rfs.v:2133]
INFO: [Synth 8-256] done synthesizing module 'generic_baseblocks_v2_1_0_comparator_static__parameterized6' (2#1) [c:/Users/Hamza/Downloads/hdmi-in_2017.2/hdmi-in/hdmi-in.srcs/sources_1/bd/hdmi_in/ipshared/f9c1/hdl/generic_baseblocks_v2_1_vl_rfs.v:2133]
INFO: [Synth 8-256] done synthesizing module 'axi_crossbar_v2_1_14_addr_decoder' (3#1) [c:/Users/Hamza/Downloads/hdmi-in_2017.2/hdmi-in/hdmi-in.srcs/sources_1/bd/hdmi_in/ipshared/f582/hdl/axi_crossbar_v2_1_vl_rfs.v:794]
INFO: [Synth 8-638] synthesizing module 'axi_crossbar_v2_1_14_decerr_slave' [c:/Users/Hamza/Downloads/hdmi-in_2017.2/hdmi-in/hdmi-in.srcs/sources_1/bd/hdmi_in/ipshared/f582/hdl/axi_crossbar_v2_1_vl_rfs.v:3500]
INFO: [Synth 8-256] done synthesizing module 'axi_crossbar_v2_1_14_decerr_slave' (4#1) [c:/Users/Hamza/Downloads/hdmi-in_2017.2/hdmi-in/hdmi-in.srcs/sources_1/bd/hdmi_in/ipshared/f582/hdl/axi_crossbar_v2_1_vl_rfs.v:3500]
INFO: [Synth 8-638] synthesizing module 'axi_crossbar_v2_1_14_addr_arbiter_sasd' [c:/Users/Hamza/Downloads/hdmi-in_2017.2/hdmi-in/hdmi-in.srcs/sources_1/bd/hdmi_in/ipshared/f582/hdl/axi_crossbar_v2_1_vl_rfs.v:65]
INFO: [Synth 8-256] done synthesizing module 'axi_crossbar_v2_1_14_addr_arbiter_sasd' (5#1) [c:/Users/Hamza/Downloads/hdmi-in_2017.2/hdmi-in/hdmi-in.srcs/sources_1/bd/hdmi_in/ipshared/f582/hdl/axi_crossbar_v2_1_vl_rfs.v:65]
INFO: [Synth 8-638] synthesizing module 'axi_crossbar_v2_1_14_splitter' [c:/Users/Hamza/Downloads/hdmi-in_2017.2/hdmi-in/hdmi-in.srcs/sources_1/bd/hdmi_in/ipshared/f582/hdl/axi_crossbar_v2_1_vl_rfs.v:4459]
INFO: [Synth 8-256] done synthesizing module 'axi_crossbar_v2_1_14_splitter' (6#1) [c:/Users/Hamza/Downloads/hdmi-in_2017.2/hdmi-in/hdmi-in.srcs/sources_1/bd/hdmi_in/ipshared/f582/hdl/axi_crossbar_v2_1_vl_rfs.v:4459]
INFO: [Synth 8-638] synthesizing module 'axi_crossbar_v2_1_14_splitter__parameterized0' [c:/Users/Hamza/Downloads/hdmi-in_2017.2/hdmi-in/hdmi-in.srcs/sources_1/bd/hdmi_in/ipshared/f582/hdl/axi_crossbar_v2_1_vl_rfs.v:4459]
INFO: [Synth 8-256] done synthesizing module 'axi_crossbar_v2_1_14_splitter__parameterized0' (6#1) [c:/Users/Hamza/Downloads/hdmi-in_2017.2/hdmi-in/hdmi-in.srcs/sources_1/bd/hdmi_in/ipshared/f582/hdl/axi_crossbar_v2_1_vl_rfs.v:4459]
INFO: [Synth 8-638] synthesizing module 'generic_baseblocks_v2_1_0_mux_enc' [c:/Users/Hamza/Downloads/hdmi-in_2017.2/hdmi-in/hdmi-in.srcs/sources_1/bd/hdmi_in/ipshared/f9c1/hdl/generic_baseblocks_v2_1_vl_rfs.v:2452]
INFO: [Synth 8-256] done synthesizing module 'generic_baseblocks_v2_1_0_mux_enc' (7#1) [c:/Users/Hamza/Downloads/hdmi-in_2017.2/hdmi-in/hdmi-in.srcs/sources_1/bd/hdmi_in/ipshared/f9c1/hdl/generic_baseblocks_v2_1_vl_rfs.v:2452]
INFO: [Synth 8-638] synthesizing module 'generic_baseblocks_v2_1_0_mux_enc__parameterized0' [c:/Users/Hamza/Downloads/hdmi-in_2017.2/hdmi-in/hdmi-in.srcs/sources_1/bd/hdmi_in/ipshared/f9c1/hdl/generic_baseblocks_v2_1_vl_rfs.v:2452]
INFO: [Synth 8-256] done synthesizing module 'generic_baseblocks_v2_1_0_mux_enc__parameterized0' (7#1) [c:/Users/Hamza/Downloads/hdmi-in_2017.2/hdmi-in/hdmi-in.srcs/sources_1/bd/hdmi_in/ipshared/f9c1/hdl/generic_baseblocks_v2_1_vl_rfs.v:2452]
INFO: [Synth 8-638] synthesizing module 'generic_baseblocks_v2_1_0_mux_enc__parameterized1' [c:/Users/Hamza/Downloads/hdmi-in_2017.2/hdmi-in/hdmi-in.srcs/sources_1/bd/hdmi_in/ipshared/f9c1/hdl/generic_baseblocks_v2_1_vl_rfs.v:2452]
INFO: [Synth 8-256] done synthesizing module 'generic_baseblocks_v2_1_0_mux_enc__parameterized1' (7#1) [c:/Users/Hamza/Downloads/hdmi-in_2017.2/hdmi-in/hdmi-in.srcs/sources_1/bd/hdmi_in/ipshared/f9c1/hdl/generic_baseblocks_v2_1_vl_rfs.v:2452]
INFO: [Synth 8-638] synthesizing module 'axi_register_slice_v2_1_13_axic_register_slice' [c:/Users/Hamza/Downloads/hdmi-in_2017.2/hdmi-in/hdmi-in.srcs/sources_1/bd/hdmi_in/ipshared/55c0/hdl/axi_register_slice_v2_1_vl_rfs.v:85]
INFO: [Synth 8-256] done synthesizing module 'axi_register_slice_v2_1_13_axic_register_slice' (8#1) [c:/Users/Hamza/Downloads/hdmi-in_2017.2/hdmi-in/hdmi-in.srcs/sources_1/bd/hdmi_in/ipshared/55c0/hdl/axi_register_slice_v2_1_vl_rfs.v:85]
INFO: [Synth 8-638] synthesizing module 'generic_baseblocks_v2_1_0_mux_enc__parameterized2' [c:/Users/Hamza/Downloads/hdmi-in_2017.2/hdmi-in/hdmi-in.srcs/sources_1/bd/hdmi_in/ipshared/f9c1/hdl/generic_baseblocks_v2_1_vl_rfs.v:2452]
INFO: [Synth 8-256] done synthesizing module 'generic_baseblocks_v2_1_0_mux_enc__parameterized2' (8#1) [c:/Users/Hamza/Downloads/hdmi-in_2017.2/hdmi-in/hdmi-in.srcs/sources_1/bd/hdmi_in/ipshared/f9c1/hdl/generic_baseblocks_v2_1_vl_rfs.v:2452]
INFO: [Synth 8-256] done synthesizing module 'axi_crossbar_v2_1_14_crossbar_sasd' (9#1) [c:/Users/Hamza/Downloads/hdmi-in_2017.2/hdmi-in/hdmi-in.srcs/sources_1/bd/hdmi_in/ipshared/f582/hdl/axi_crossbar_v2_1_vl_rfs.v:1240]
INFO: [Synth 8-256] done synthesizing module 'axi_crossbar_v2_1_14_axi_crossbar' (10#1) [c:/Users/Hamza/Downloads/hdmi-in_2017.2/hdmi-in/hdmi-in.srcs/sources_1/bd/hdmi_in/ipshared/f582/hdl/axi_crossbar_v2_1_vl_rfs.v:4882]
INFO: [Synth 8-256] done synthesizing module 'hdmi_in_xbar_1' (11#1) [c:/Users/Hamza/Downloads/hdmi-in_2017.2/hdmi-in/hdmi-in.srcs/sources_1/bd/hdmi_in/ip/hdmi_in_xbar_1/synth/hdmi_in_xbar_1.v:59]
Finished RTL Elaboration : Time (s): cpu = 00:00:12 ; elapsed = 00:00:14 . Memory (MB): peak = 472.656 ; gain = 202.430
Finished RTL Optimization Phase 1 : Time (s): cpu = 00:00:12 ; elapsed = 00:00:14 . Memory (MB): peak = 472.656 ; gain = 202.430
INFO: [Device 21-403] Loading part xc7z010clg400-1
Constraint Validation Runtime : Time (s): cpu = 00:00:00 ; elapsed = 00:00:00.061 . Memory (MB): peak = 698.723 ; gain = 0.000
Finished Constraint Validation : Time (s): cpu = 00:00:21 ; elapsed = 00:00:25 . Memory (MB): peak = 698.723 ; gain = 428.496
Finished Loading Part and Timing Information : Time (s): cpu = 00:00:21 ; elapsed = 00:00:25 . Memory (MB): peak = 698.723 ; gain = 428.496
Finished applying 'set_property' XDC Constraints : Time (s): cpu = 00:00:21 ; elapsed = 00:00:25 . Memory (MB): peak = 698.723 ; gain = 428.496
Finished RTL Optimization Phase 2 : Time (s): cpu = 00:00:22 ; elapsed = 00:00:26 . Memory (MB): peak = 698.723 ; gain = 428.496
Finished Cross Boundary and Area Optimization : Time (s): cpu = 00:00:23 ; elapsed = 00:00:27 . Memory (MB): peak = 698.723 ; gain = 428.496
Finished Applying XDC Timing Constraints : Time (s): cpu = 00:00:33 ; elapsed = 00:00:38 . Memory (MB): peak = 698.723 ; gain = 428.496
Finished Timing Optimization : Time (s): cpu = 00:00:34 ; elapsed = 00:00:39 . Memory (MB): peak = 698.723 ; gain = 428.496
Finished Technology Mapping : Time (s): cpu = 00:00:34 ; elapsed = 00:00:39 . Memory (MB): peak = 698.723 ; gain = 428.496
Finished IO Insertion : Time (s): cpu = 00:00:35 ; elapsed = 00:00:40 . Memory (MB): peak = 698.723 ; gain = 428.496
Finished Renaming Generated Instances : Time (s): cpu = 00:00:35 ; elapsed = 00:00:40 . Memory (MB): peak = 698.723 ; gain = 428.496
Finished Rebuilding User Hierarchy : Time (s): cpu = 00:00:35 ; elapsed = 00:00:40 . Memory (MB): peak = 698.723 ; gain = 428.496
Finished Renaming Generated Ports : Time (s): cpu = 00:00:35 ; elapsed = 00:00:40 . Memory (MB): peak = 698.723 ; gain = 428.496
Finished Handling Custom Attributes : Time (s): cpu = 00:00:35 ; elapsed = 00:00:40 . Memory (MB): peak = 698.723 ; gain = 428.496
Finished Renaming Generated Nets : Time (s): cpu = 00:00:35 ; elapsed = 00:00:40 . Memory (MB): peak = 698.723 ; gain = 428.496

Report Cell Usage: 
+------+-----+------+
|      |Cell |Count |
+------+-----+------+
|1     |LUT1 |     2|
|2     |LUT2 |    14|
|3     |LUT3 |    49|
|4     |LUT4 |    70|
|5     |LUT5 |    79|
|6     |LUT6 |   152|
|7     |FDRE |   138|
+------+-----+------+
Finished Writing Synthesis Report : Time (s): cpu = 00:00:35 ; elapsed = 00:00:40 . Memory (MB): peak = 698.723 ; gain = 428.496
synth_design: Time (s): cpu = 00:00:36 ; elapsed = 00:00:42 . Memory (MB): peak = 698.723 ; gain = 432.570
