
*** Running vivado
    with args -log hdmi_in_axi_gpio_btn_0.vds -m64 -product Vivado -mode batch -messageDb vivado.pb -notrace -source hdmi_in_axi_gpio_btn_0.tcl


****** Vivado v2017.2 (64-bit)
  **** SW Build 1909853 on Thu Jun 15 18:39:09 MDT 2017
  **** IP Build 1909766 on Thu Jun 15 19:58:00 MDT 2017
    ** Copyright 1986-2017 Xilinx, Inc. All Rights Reserved.

source hdmi_in_axi_gpio_btn_0.tcl -notrace
Starting RTL Elaboration : Time (s): cpu = 00:00:03 ; elapsed = 00:00:03 . Memory (MB): peak = 345.336 ; gain = 79.805
INFO: [Synth 8-638] synthesizing module 'hdmi_in_axi_gpio_btn_0' [c:/Users/Hamza/Downloads/hdmi-in_2017.2/hdmi-in/hdmi-in.srcs/sources_1/bd/hdmi_in/ip/hdmi_in_axi_gpio_btn_0/synth/hdmi_in_axi_gpio_btn_0.vhd:85]
INFO: [Synth 8-638] synthesizing module 'axi_gpio' [c:/Users/Hamza/Downloads/hdmi-in_2017.2/hdmi-in/hdmi-in.srcs/sources_1/bd/hdmi_in/ipshared/cb07/hdl/axi_gpio_v2_0_vh_rfs.vhd:1257]
INFO: [Synth 8-638] synthesizing module 'axi_lite_ipif' [c:/Users/Hamza/Downloads/hdmi-in_2017.2/hdmi-in/hdmi-in.srcs/sources_1/bd/hdmi_in/ipshared/0ba0/hdl/axi_lite_ipif_v3_0_vh_rfs.vhd:2948]
INFO: [Synth 8-638] synthesizing module 'slave_attachment' [c:/Users/Hamza/Downloads/hdmi-in_2017.2/hdmi-in/hdmi-in.srcs/sources_1/bd/hdmi_in/ipshared/0ba0/hdl/axi_lite_ipif_v3_0_vh_rfs.vhd:2341]
INFO: [Synth 8-638] synthesizing module 'address_decoder' [c:/Users/Hamza/Downloads/hdmi-in_2017.2/hdmi-in/hdmi-in.srcs/sources_1/bd/hdmi_in/ipshared/0ba0/hdl/axi_lite_ipif_v3_0_vh_rfs.vhd:1775]
INFO: [Synth 8-638] synthesizing module 'pselect_f' [c:/Users/Hamza/Downloads/hdmi-in_2017.2/hdmi-in/hdmi-in.srcs/sources_1/bd/hdmi_in/ipshared/0ba0/hdl/axi_lite_ipif_v3_0_vh_rfs.vhd:1534]
INFO: [Synth 8-256] done synthesizing module 'pselect_f' (1#1) [c:/Users/Hamza/Downloads/hdmi-in_2017.2/hdmi-in/hdmi-in.srcs/sources_1/bd/hdmi_in/ipshared/0ba0/hdl/axi_lite_ipif_v3_0_vh_rfs.vhd:1534]
INFO: [Synth 8-638] synthesizing module 'pselect_f__parameterized0' [c:/Users/Hamza/Downloads/hdmi-in_2017.2/hdmi-in/hdmi-in.srcs/sources_1/bd/hdmi_in/ipshared/0ba0/hdl/axi_lite_ipif_v3_0_vh_rfs.vhd:1534]
INFO: [Synth 8-256] done synthesizing module 'pselect_f__parameterized0' (1#1) [c:/Users/Hamza/Downloads/hdmi-in_2017.2/hdmi-in/hdmi-in.srcs/sources_1/bd/hdmi_in/ipshared/0ba0/hdl/axi_lite_ipif_v3_0_vh_rfs.vhd:1534]
INFO: [Synth 8-638] synthesizing module 'pselect_f__parameterized1' [c:/Users/Hamza/Downloads/hdmi-in_2017.2/hdmi-in/hdmi-in.srcs/sources_1/bd/hdmi_in/ipshared/0ba0/hdl/axi_lite_ipif_v3_0_vh_rfs.vhd:1534]
INFO: [Synth 8-256] done synthesizing module 'pselect_f__parameterized1' (1#1) [c:/Users/Hamza/Downloads/hdmi-in_2017.2/hdmi-in/hdmi-in.srcs/sources_1/bd/hdmi_in/ipshared/0ba0/hdl/axi_lite_ipif_v3_0_vh_rfs.vhd:1534]
INFO: [Synth 8-638] synthesizing module 'pselect_f__parameterized2' [c:/Users/Hamza/Downloads/hdmi-in_2017.2/hdmi-in/hdmi-in.srcs/sources_1/bd/hdmi_in/ipshared/0ba0/hdl/axi_lite_ipif_v3_0_vh_rfs.vhd:1534]
INFO: [Synth 8-256] done synthesizing module 'pselect_f__parameterized2' (1#1) [c:/Users/Hamza/Downloads/hdmi-in_2017.2/hdmi-in/hdmi-in.srcs/sources_1/bd/hdmi_in/ipshared/0ba0/hdl/axi_lite_ipif_v3_0_vh_rfs.vhd:1534]
INFO: [Synth 8-638] synthesizing module 'pselect_f__parameterized3' [c:/Users/Hamza/Downloads/hdmi-in_2017.2/hdmi-in/hdmi-in.srcs/sources_1/bd/hdmi_in/ipshared/0ba0/hdl/axi_lite_ipif_v3_0_vh_rfs.vhd:1534]
INFO: [Synth 8-256] done synthesizing module 'pselect_f__parameterized3' (1#1) [c:/Users/Hamza/Downloads/hdmi-in_2017.2/hdmi-in/hdmi-in.srcs/sources_1/bd/hdmi_in/ipshared/0ba0/hdl/axi_lite_ipif_v3_0_vh_rfs.vhd:1534]
INFO: [Synth 8-638] synthesizing module 'pselect_f__parameterized4' [c:/Users/Hamza/Downloads/hdmi-in_2017.2/hdmi-in/hdmi-in.srcs/sources_1/bd/hdmi_in/ipshared/0ba0/hdl/axi_lite_ipif_v3_0_vh_rfs.vhd:1534]
INFO: [Synth 8-256] done synthesizing module 'pselect_f__parameterized4' (1#1) [c:/Users/Hamza/Downloads/hdmi-in_2017.2/hdmi-in/hdmi-in.srcs/sources_1/bd/hdmi_in/ipshared/0ba0/hdl/axi_lite_ipif_v3_0_vh_rfs.vhd:1534]
INFO: [Synth 8-638] synthesizing module 'pselect_f__parameterized5' [c:/Users/Hamza/Downloads/hdmi-in_2017.2/hdmi-in/hdmi-in.srcs/sources_1/bd/hdmi_in/ipshared/0ba0/hdl/axi_lite_ipif_v3_0_vh_rfs.vhd:1534]
INFO: [Synth 8-256] done synthesizing module 'pselect_f__parameterized5' (1#1) [c:/Users/Hamza/Downloads/hdmi-in_2017.2/hdmi-in/hdmi-in.srcs/sources_1/bd/hdmi_in/ipshared/0ba0/hdl/axi_lite_ipif_v3_0_vh_rfs.vhd:1534]
INFO: [Synth 8-638] synthesizing module 'pselect_f__parameterized6' [c:/Users/Hamza/Downloads/hdmi-in_2017.2/hdmi-in/hdmi-in.srcs/sources_1/bd/hdmi_in/ipshared/0ba0/hdl/axi_lite_ipif_v3_0_vh_rfs.vhd:1534]
INFO: [Synth 8-256] done synthesizing module 'pselect_f__parameterized6' (1#1) [c:/Users/Hamza/Downloads/hdmi-in_2017.2/hdmi-in/hdmi-in.srcs/sources_1/bd/hdmi_in/ipshared/0ba0/hdl/axi_lite_ipif_v3_0_vh_rfs.vhd:1534]
INFO: [Synth 8-638] synthesizing module 'pselect_f__parameterized7' [c:/Users/Hamza/Downloads/hdmi-in_2017.2/hdmi-in/hdmi-in.srcs/sources_1/bd/hdmi_in/ipshared/0ba0/hdl/axi_lite_ipif_v3_0_vh_rfs.vhd:1534]
INFO: [Synth 8-256] done synthesizing module 'pselect_f__parameterized7' (1#1) [c:/Users/Hamza/Downloads/hdmi-in_2017.2/hdmi-in/hdmi-in.srcs/sources_1/bd/hdmi_in/ipshared/0ba0/hdl/axi_lite_ipif_v3_0_vh_rfs.vhd:1534]
INFO: [Synth 8-638] synthesizing module 'pselect_f__parameterized8' [c:/Users/Hamza/Downloads/hdmi-in_2017.2/hdmi-in/hdmi-in.srcs/sources_1/bd/hdmi_in/ipshared/0ba0/hdl/axi_lite_ipif_v3_0_vh_rfs.vhd:1534]
INFO: [Synth 8-256] done synthesizing module 'pselect_f__parameterized8' (1#1) [c:/Users/Hamza/Downloads/hdmi-in_2017.2/hdmi-in/hdmi-in.srcs/sources_1/bd/hdmi_in/ipshared/0ba0/hdl/axi_lite_ipif_v3_0_vh_rfs.vhd:1534]
INFO: [Synth 8-638] synthesizing module 'pselect_f__parameterized9' [c:/Users/Hamza/Downloads/hdmi-in_2017.2/hdmi-in/hdmi-in.srcs/sources_1/bd/hdmi_in/ipshared/0ba0/hdl/axi_lite_ipif_v3_0_vh_rfs.vhd:1534]
INFO: [Synth 8-256] done synthesizing module 'pselect_f__parameterized9' (1#1) [c:/Users/Hamza/Downloads/hdmi-in_2017.2/hdmi-in/hdmi-in.srcs/sources_1/bd/hdmi_in/ipshared/0ba0/hdl/axi_lite_ipif_v3_0_vh_rfs.vhd:1534]
INFO: [Synth 8-638] synthesizing module 'pselect_f__parameterized10' [c:/Users/Hamza/Downloads/hdmi-in_2017.2/hdmi-in/hdmi-in.srcs/sources_1/bd/hdmi_in/ipshared/0ba0/hdl/axi_lite_ipif_v3_0_vh_rfs.vhd:1534]
INFO: [Synth 8-256] done synthesizing module 'pselect_f__parameterized10' (1#1) [c:/Users/Hamza/Downloads/hdmi-in_2017.2/hdmi-in/hdmi-in.srcs/sources_1/bd/hdmi_in/ipshared/0ba0/hdl/axi_lite_ipif_v3_0_vh_rfs.vhd:1534]
INFO: [Synth 8-638] synthesizing module 'pselect_f__parameterized11' [c:/Users/Hamza/Downloads/hdmi-in_2017.2/hdmi-in/hdmi-in.srcs/sources_1/bd/hdmi_in/ipshared/0ba0/hdl/axi_lite_ipif_v3_0_vh_rfs.vhd:1534]
INFO: [Synth 8-256] done synthesizing module 'pselect_f__parameterized11' (1#1) [c:/Users/Hamza/Downloads/hdmi-in_2017.2/hdmi-in/hdmi-in.srcs/sources_1/bd/hdmi_in/ipshared/0ba0/hdl/axi_lite_ipif_v3_0_vh_rfs.vhd:1534]
INFO: [Synth 8-638] synthesizing module 'pselect_f__parameterized12' [c:/Users/Hamza/Downloads/hdmi-in_2017.2/hdmi-in/hdmi-in.srcs/sources_1/bd/hdmi_in/ipshared/0ba0/hdl/axi_lite_ipif_v3_0_vh_rfs.vhd:1534]
INFO: [Synth 8-256] done synthesizing module 'pselect_f__parameterized12' (1#1) [c:/Users/Hamza/Downloads/hdmi-in_2017.2/hdmi-in/hdmi-in.srcs/sources_1/bd/hdmi_in/ipshared/0ba0/hdl/axi_lite_ipif_v3_0_vh_rfs.vhd:1534]
INFO: [Synth 8-638] synthesizing module 'pselect_f__parameterized13' [c:/Users/Hamza/Downloads/hdmi-in_2017.2/hdmi-in/hdmi-in.srcs/sources_1/bd/hdmi_in/ipshared/0ba0/hdl/axi_lite_ipif_v3_0_vh_rfs.vhd:1534]
INFO: [Synth 8-256] done synthesizing module 'pselect_f__parameterized13' (1#1) [c:/Users/Hamza/Downloads/hdmi-in_2017.2/hdmi-in/hdmi-in.srcs/sources_1/bd/hdmi_in/ipshared/0ba0/hdl/axi_lite_ipif_v3_0_vh_rfs.vhd:1534]
INFO: [Synth 8-638] synthesizing module 'pselect_f__parameterized14' [c:/Users/Hamza/Downloads/hdmi-in_2017.2/hdmi-in/hdmi-in.srcs/sources_1/bd/hdmi_in/ipshared/0ba0/hdl/axi_lite_ipif_v3_0_vh_rfs.vhd:1534]
INFO: [Synth 8-256] done synthesizing module 'pselect_f__parameterized14' (1#1) [c:/Users/Hamza/Downloads/hdmi-in_2017.2/hdmi-in/hdmi-in.srcs/sources_1/bd/hdmi_in/ipshared/0ba0/hdl/axi_lite_ipif_v3_0_vh_rfs.vhd:1534]
INFO: [Synth 8-638] synthesizing module 'pselect_f__parameterized15' [c:/Users/Hamza/Downloads/hdmi-in_2017.2/hdmi-in/hdmi-in.srcs/sources_1/bd/hdmi_in/ipshared/0ba0/hdl/axi_lite_ipif_v3_0_vh_rfs.vhd:1534]
INFO: [Synth 8-256] done synthesizing module 'pselect_f__parameterized15' (1#1) [c:/Users/Hamza/Downloads/hdmi-in_2017.2/hdmi-in/hdmi-in.srcs/sources_1/bd/hdmi_in/ipshared/0ba0/hdl/axi_lite_ipif_v3_0_vh_rfs.vhd:1534]
INFO: [Synth 8-638] synthesizing module 'pselect_f__parameterized16' [c:/Users/Hamza/Downloads/hdmi-in_2017.2/hdmi-in/hdmi-in.srcs/sources_1/bd/hdmi_in/ipshared/0ba0/hdl/axi_lite_ipif_v3_0_vh_rfs.vhd:1534]
INFO: [Synth 8-256] done synthesizing module 'pselect_f__parameterized16' (1#1) [c:/Users/Hamza/Downloads/hdmi-in_2017.2/hdmi-in/hdmi-in.srcs/sources_1/bd/hdmi_in/ipshared/0ba0/hdl/axi_lite_ipif_v3_0_vh_rfs.vhd:1534]
INFO: [Synth 8-638] synthesizing module 'pselect_f__parameterized17' [c:/Users/Hamza/Downloads/hdmi-in_2017.2/hdmi-in/hdmi-in.srcs/sources_1/bd/hdmi_in/ipshared/0ba0/hdl/axi_lite_ipif_v3_0_vh_rfs.vhd:1534]
INFO: [Synth 8-256] done synthesizing module 'pselect_f__parameterized17' (1#1) [c:/Users/Hamza/Downloads/hdmi-in_2017.2/hdmi-in/hdmi-in.srcs/sources_1/bd/hdmi_in/ipshared/0ba0/hdl/axi_lite_ipif_v3_0_vh_rfs.vhd:1534]
INFO: [Synth 8-638] synthesizing module 'pselect_f__parameterized18' [c:/Users/Hamza/Downloads/hdmi-in_2017.2/hdmi-in/hdmi-in.srcs/sources_1/bd/hdmi_in/ipshared/0ba0/hdl/axi_lite_ipif_v3_0_vh_rfs.vhd:1534]
INFO: [Synth 8-256] done synthesizing module 'pselect_f__parameterized18' (1#1) [c:/Users/Hamza/Downloads/hdmi-in_2017.2/hdmi-in/hdmi-in.srcs/sources_1/bd/hdmi_in/ipshared/0ba0/hdl/axi_lite_ipif_v3_0_vh_rfs.vhd:1534]
INFO: [Synth 8-638] synthesizing module 'pselect_f__parameterized19' [c:/Users/Hamza/Downloads/hdmi-in_2017.2/hdmi-in/hdmi-in.srcs/sources_1/bd/hdmi_in/ipshared/0ba0/hdl/axi_lite_ipif_v3_0_vh_rfs.vhd:1534]
INFO: [Synth 8-256] done synthesizing module 'pselect_f__parameterized19' (1#1) [c:/Users/Hamza/Downloads/hdmi-in_2017.2/hdmi-in/hdmi-in.srcs/sources_1/bd/hdmi_in/ipshared/0ba0/hdl/axi_lite_ipif_v3_0_vh_rfs.vhd:1534]
INFO: [Synth 8-638] synthesizing module 'pselect_f__parameterized20' [c:/Users/Hamza/Downloads/hdmi-in_2017.2/hdmi-in/hdmi-in.srcs/sources_1/bd/hdmi_in/ipshared/0ba0/hdl/axi_lite_ipif_v3_0_vh_rfs.vhd:1534]
INFO: [Synth 8-256] done synthesizing module 'pselect_f__parameterized20' (1#1) [c:/Users/Hamza/Downloads/hdmi-in_2017.2/hdmi-in/hdmi-in.srcs/sources_1/bd/hdmi_in/ipshared/0ba0/hdl/axi_lite_ipif_v3_0_vh_rfs.vhd:1534]
INFO: [Synth 8-256] done synthesizing module 'address_decoder' (2#1) [c:/Users/Hamza/Downloads/hdmi-in_2017.2/hdmi-in/hdmi-in.srcs/sources_1/bd/hdmi_in/ipshared/0ba0/hdl/axi_lite_ipif_v3_0_vh_rfs.vhd:1775]
INFO: [Synth 8-256] done synthesizing module 'slave_attachment' (3#1) [c:/Users/Hamza/Downloads/hdmi-in_2017.2/hdmi-in/hdmi-in.srcs/sources_1/bd/hdmi_in/ipshared/0ba0/hdl/axi_lite_ipif_v3_0_vh_rfs.vhd:2341]
INFO: [Synth 8-256] done synthesizing module 'axi_lite_ipif' (4#1) [c:/Users/Hamza/Downloads/hdmi-in_2017.2/hdmi-in/hdmi-in.srcs/sources_1/bd/hdmi_in/ipshared/0ba0/hdl/axi_lite_ipif_v3_0_vh_rfs.vhd:2948]
INFO: [Synth 8-638] synthesizing module 'interrupt_control' [c:/Users/Hamza/Downloads/hdmi-in_2017.2/hdmi-in/hdmi-in.srcs/sources_1/bd/hdmi_in/ipshared/e956/hdl/interrupt_control_v3_1_vh_rfs.vhd:259]
INFO: [Synth 8-256] done synthesizing module 'interrupt_control' (5#1) [c:/Users/Hamza/Downloads/hdmi-in_2017.2/hdmi-in/hdmi-in.srcs/sources_1/bd/hdmi_in/ipshared/e956/hdl/interrupt_control_v3_1_vh_rfs.vhd:259]
INFO: [Synth 8-638] synthesizing module 'GPIO_Core' [c:/Users/Hamza/Downloads/hdmi-in_2017.2/hdmi-in/hdmi-in.srcs/sources_1/bd/hdmi_in/ipshared/cb07/hdl/axi_gpio_v2_0_vh_rfs.vhd:177]
INFO: [Synth 8-638] synthesizing module 'cdc_sync' [c:/Users/Hamza/Downloads/hdmi-in_2017.2/hdmi-in/hdmi-in.srcs/sources_1/bd/hdmi_in/ipshared/52cb/hdl/lib_cdc_v1_0_rfs.vhd:106]
INFO: [Synth 8-256] done synthesizing module 'cdc_sync' (6#1) [c:/Users/Hamza/Downloads/hdmi-in_2017.2/hdmi-in/hdmi-in.srcs/sources_1/bd/hdmi_in/ipshared/52cb/hdl/lib_cdc_v1_0_rfs.vhd:106]
INFO: [Synth 8-256] done synthesizing module 'GPIO_Core' (7#1) [c:/Users/Hamza/Downloads/hdmi-in_2017.2/hdmi-in/hdmi-in.srcs/sources_1/bd/hdmi_in/ipshared/cb07/hdl/axi_gpio_v2_0_vh_rfs.vhd:177]
INFO: [Synth 8-256] done synthesizing module 'axi_gpio' (8#1) [c:/Users/Hamza/Downloads/hdmi-in_2017.2/hdmi-in/hdmi-in.srcs/sources_1/bd/hdmi_in/ipshared/cb07/hdl/axi_gpio_v2_0_vh_rfs.vhd:1257]
INFO: [Synth 8-256] done synthesizing module 'hdmi_in_axi_gpio_btn_0' (9#1) [c:/Users/Hamza/Downloads/hdmi-in_2017.2/hdmi-in/hdmi-in.srcs/sources_1/bd/hdmi_in/ip/hdmi_in_axi_gpio_btn_0/synth/hdmi_in_axi_gpio_btn_0.vhd:85]
Finished RTL Elaboration : Time (s): cpu = 00:00:04 ; elapsed = 00:00:05 . Memory (MB): peak = 386.414 ; gain = 120.883
Finished RTL Optimization Phase 1 : Time (s): cpu = 00:00:04 ; elapsed = 00:00:05 . Memory (MB): peak = 386.414 ; gain = 120.883
INFO: [Device 21-403] Loading part xc7z010clg400-1
Constraint Validation Runtime : Time (s): cpu = 00:00:00 ; elapsed = 00:00:00.026 . Memory (MB): peak = 688.629 ; gain = 0.000
Finished Constraint Validation : Time (s): cpu = 00:00:13 ; elapsed = 00:00:16 . Memory (MB): peak = 688.629 ; gain = 423.098
Finished Loading Part and Timing Information : Time (s): cpu = 00:00:13 ; elapsed = 00:00:16 . Memory (MB): peak = 688.629 ; gain = 423.098
Finished applying 'set_property' XDC Constraints : Time (s): cpu = 00:00:13 ; elapsed = 00:00:16 . Memory (MB): peak = 688.629 ; gain = 423.098
Finished RTL Optimization Phase 2 : Time (s): cpu = 00:00:13 ; elapsed = 00:00:16 . Memory (MB): peak = 688.629 ; gain = 423.098
Finished Cross Boundary and Area Optimization : Time (s): cpu = 00:00:14 ; elapsed = 00:00:17 . Memory (MB): peak = 688.629 ; gain = 423.098
Finished Applying XDC Timing Constraints : Time (s): cpu = 00:00:24 ; elapsed = 00:00:28 . Memory (MB): peak = 688.629 ; gain = 423.098
Finished Timing Optimization : Time (s): cpu = 00:00:24 ; elapsed = 00:00:28 . Memory (MB): peak = 688.629 ; gain = 423.098
Finished Technology Mapping : Time (s): cpu = 00:00:24 ; elapsed = 00:00:28 . Memory (MB): peak = 688.629 ; gain = 423.098
Finished IO Insertion : Time (s): cpu = 00:00:25 ; elapsed = 00:00:29 . Memory (MB): peak = 688.629 ; gain = 423.098
Finished Renaming Generated Instances : Time (s): cpu = 00:00:25 ; elapsed = 00:00:29 . Memory (MB): peak = 688.629 ; gain = 423.098
Finished Rebuilding User Hierarchy : Time (s): cpu = 00:00:25 ; elapsed = 00:00:29 . Memory (MB): peak = 688.629 ; gain = 423.098
Finished Renaming Generated Ports : Time (s): cpu = 00:00:25 ; elapsed = 00:00:29 . Memory (MB): peak = 688.629 ; gain = 423.098
Finished Handling Custom Attributes : Time (s): cpu = 00:00:25 ; elapsed = 00:00:29 . Memory (MB): peak = 688.629 ; gain = 423.098
Finished Renaming Generated Nets : Time (s): cpu = 00:00:25 ; elapsed = 00:00:29 . Memory (MB): peak = 688.629 ; gain = 423.098

Report Cell Usage: 
+------+-----+------+
|      |Cell |Count |
+------+-----+------+
|1     |LUT1 |     2|
|2     |LUT2 |     9|
|3     |LUT3 |     6|
|4     |LUT4 |    18|
|5     |LUT5 |    18|
|6     |LUT6 |    30|
|7     |FDR  |    16|
|8     |FDRE |    81|
|9     |FDSE |     6|
+------+-----+------+
Finished Writing Synthesis Report : Time (s): cpu = 00:00:25 ; elapsed = 00:00:29 . Memory (MB): peak = 688.629 ; gain = 423.098
synth_design: Time (s): cpu = 00:00:27 ; elapsed = 00:00:31 . Memory (MB): peak = 688.629 ; gain = 430.859
